2019-03-20 09:52:05.046 [6428] [main] INFO [org.springframework.boot.StartupInfoLogger.logStarting:50] - Starting LostAndFoundApplication on BZ01-PC with PID 6428 (E:\java\project\lost_and_found\target\classes started by Administrator in E:\java\project\lost_and_found)
2019-03-20 09:52:05.061 [6428] [main] DEBUG [org.springframework.boot.StartupInfoLogger.logStarting:53] - Running with Spring Boot v2.1.1.RELEASE, Spring v5.1.3.RELEASE
2019-03-20 09:52:05.062 [6428] [main] INFO [org.springframework.boot.SpringApplication.logStartupProfileInfo:675] - No active profile set, falling back to default profiles: default
2019-03-20 09:52:06.386 [6428] [main] INFO [org.springframework.data.repository.config.RepositoryConfigurationDelegate.registerRepositoriesIn:126] - Bootstrapping Spring Data repositories in DEFAULT mode.
2019-03-20 09:52:06.512 [6428] [main] INFO [org.springframework.data.repository.config.RepositoryConfigurationDelegate.registerRepositoriesIn:182] - Finished Spring Data repository scanning in 116ms. Found 6 repository interfaces.
2019-03-20 09:52:06.632 [6428] [main] WARN [org.mybatis.spring.mapper.ClassPathMapperScanner.doScan:166] - No MyBatis mapper was found in '[com.lyn.lost_and_found]' package. Please check your configuration.
2019-03-20 09:52:07.049 [6428] [main] INFO [org.springframework.context.support.PostProcessorRegistrationDelegate$BeanPostProcessorChecker.postProcessAfterInitialization:330] - Bean 'org.springframework.boot.autoconfigure.jdbc.DataSourceConfiguration$Hikari' of type [org.springframework.boot.autoconfigure.jdbc.DataSourceConfiguration$Hikari] is not eligible for getting processed by all BeanPostProcessors (for example: not eligible for auto-proxying)
2019-03-20 09:52:07.120 [6428] [main] INFO [org.springframework.context.support.PostProcessorRegistrationDelegate$BeanPostProcessorChecker.postProcessAfterInitialization:330] - Bean 'spring.datasource-org.springframework.boot.autoconfigure.jdbc.DataSourceProperties' of type [org.springframework.boot.autoconfigure.jdbc.DataSourceProperties] is not eligible for getting processed by all BeanPostProcessors (for example: not eligible for auto-proxying)
2019-03-20 09:52:07.153 [6428] [main] INFO [org.springframework.context.support.PostProcessorRegistrationDelegate$BeanPostProcessorChecker.postProcessAfterInitialization:330] - Bean 'dataSource' of type [com.zaxxer.hikari.HikariDataSource] is not eligible for getting processed by all BeanPostProcessors (for example: not eligible for auto-proxying)
2019-03-20 09:52:07.162 [6428] [main] INFO [org.springframework.context.support.PostProcessorRegistrationDelegate$BeanPostProcessorChecker.postProcessAfterInitialization:330] - Bean 'org.springframework.boot.autoconfigure.jdbc.DataSourceInitializerInvoker' of type [org.springframework.boot.autoconfigure.jdbc.DataSourceInitializerInvoker] is not eligible for getting processed by all BeanPostProcessors (for example: not eligible for auto-proxying)
2019-03-20 09:52:07.167 [6428] [main] INFO [org.springframework.context.support.PostProcessorRegistrationDelegate$BeanPostProcessorChecker.postProcessAfterInitialization:330] - Bean 'spring.jpa-org.springframework.boot.autoconfigure.orm.jpa.JpaProperties' of type [org.springframework.boot.autoconfigure.orm.jpa.JpaProperties] is not eligible for getting processed by all BeanPostProcessors (for example: not eligible for auto-proxying)
2019-03-20 09:52:07.171 [6428] [main] INFO [org.springframework.context.support.PostProcessorRegistrationDelegate$BeanPostProcessorChecker.postProcessAfterInitialization:330] - Bean 'spring.jpa.hibernate-org.springframework.boot.autoconfigure.orm.jpa.HibernateProperties' of type [org.springframework.boot.autoconfigure.orm.jpa.HibernateProperties] is not eligible for getting processed by all BeanPostProcessors (for example: not eligible for auto-proxying)
2019-03-20 09:52:07.174 [6428] [main] INFO [org.springframework.context.support.PostProcessorRegistrationDelegate$BeanPostProcessorChecker.postProcessAfterInitialization:330] - Bean 'org.springframework.boot.autoconfigure.transaction.TransactionAutoConfiguration' of type [org.springframework.boot.autoconfigure.transaction.TransactionAutoConfiguration$$EnhancerBySpringCGLIB$$2dd62af7] is not eligible for getting processed by all BeanPostProcessors (for example: not eligible for auto-proxying)
2019-03-20 09:52:07.187 [6428] [main] INFO [org.springframework.context.support.PostProcessorRegistrationDelegate$BeanPostProcessorChecker.postProcessAfterInitialization:330] - Bean 'spring.transaction-org.springframework.boot.autoconfigure.transaction.TransactionProperties' of type [org.springframework.boot.autoconfigure.transaction.TransactionProperties] is not eligible for getting processed by all BeanPostProcessors (for example: not eligible for auto-proxying)
2019-03-20 09:52:07.189 [6428] [main] INFO [org.springframework.context.support.PostProcessorRegistrationDelegate$BeanPostProcessorChecker.postProcessAfterInitialization:330] - Bean 'platformTransactionManagerCustomizers' of type [org.springframework.boot.autoconfigure.transaction.TransactionManagerCustomizers] is not eligible for getting processed by all BeanPostProcessors (for example: not eligible for auto-proxying)
2019-03-20 09:52:07.193 [6428] [main] INFO [org.springframework.context.support.PostProcessorRegistrationDelegate$BeanPostProcessorChecker.postProcessAfterInitialization:330] - Bean 'org.springframework.boot.autoconfigure.jdbc.metadata.DataSourcePoolMetadataProvidersConfiguration$HikariPoolDataSourceMetadataProviderConfiguration' of type [org.springframework.boot.autoconfigure.jdbc.metadata.DataSourcePoolMetadataProvidersConfiguration$HikariPoolDataSourceMetadataProviderConfiguration$$EnhancerBySpringCGLIB$$f9b957d1] is not eligible for getting processed by all BeanPostProcessors (for example: not eligible for auto-proxying)
2019-03-20 09:52:07.196 [6428] [main] INFO [org.springframework.context.support.PostProcessorRegistrationDelegate$BeanPostProcessorChecker.postProcessAfterInitialization:330] - Bean 'hikariPoolDataSourceMetadataProvider' of type [org.springframework.boot.autoconfigure.jdbc.metadata.DataSourcePoolMetadataProvidersConfiguration$HikariPoolDataSourceMetadataProviderConfiguration$$Lambda$315/871065432] is not eligible for getting processed by all BeanPostProcessors (for example: not eligible for auto-proxying)
2019-03-20 09:52:07.215 [6428] [main] INFO [org.springframework.context.support.PostProcessorRegistrationDelegate$BeanPostProcessorChecker.postProcessAfterInitialization:330] - Bean 'org.springframework.boot.autoconfigure.orm.jpa.HibernateJpaConfiguration' of type [org.springframework.boot.autoconfigure.orm.jpa.HibernateJpaConfiguration$$EnhancerBySpringCGLIB$$b838f25c] is not eligible for getting processed by all BeanPostProcessors (for example: not eligible for auto-proxying)
2019-03-20 09:52:07.281 [6428] [main] INFO [com.zaxxer.hikari.HikariDataSource.getConnection:110] - HikariPool-1 - Starting...
2019-03-20 09:52:07.284 [6428] [main] WARN [com.zaxxer.hikari.util.DriverDataSource.<init>:68] - Registered driver with driverClassName=com.mysql.jdbc.Driver was not found, trying direct instantiation.
2019-03-20 09:52:07.518 [6428] [main] INFO [com.zaxxer.hikari.HikariDataSource.getConnection:123] - HikariPool-1 - Start completed.
2019-03-20 09:52:07.526 [6428] [main] INFO [org.springframework.context.support.PostProcessorRegistrationDelegate$BeanPostProcessorChecker.postProcessAfterInitialization:330] - Bean 'jpaVendorAdapter' of type [org.springframework.orm.jpa.vendor.HibernateJpaVendorAdapter] is not eligible for getting processed by all BeanPostProcessors (for example: not eligible for auto-proxying)
2019-03-20 09:52:07.529 [6428] [main] INFO [org.springframework.context.support.PostProcessorRegistrationDelegate$BeanPostProcessorChecker.postProcessAfterInitialization:330] - Bean 'entityManagerFactoryBuilder' of type [org.springframework.boot.orm.jpa.EntityManagerFactoryBuilder] is not eligible for getting processed by all BeanPostProcessors (for example: not eligible for auto-proxying)
2019-03-20 09:52:07.601 [6428] [main] INFO [org.hibernate.jpa.internal.util.LogHelper.logPersistenceUnitInformation:31] - HHH000204: Processing PersistenceUnitInfo [
	name: default
	...]
2019-03-20 09:52:07.711 [6428] [main] INFO [org.hibernate.Version.logVersion:46] - HHH000412: Hibernate Core {5.3.7.Final}
2019-03-20 09:52:07.713 [6428] [main] INFO [org.hibernate.cfg.Environment.<clinit>:213] - HHH000206: hibernate.properties not found
2019-03-20 09:52:07.946 [6428] [main] INFO [org.hibernate.annotations.common.reflection.java.JavaReflectionManager.<clinit>:49] - HCANN000001: Hibernate Commons Annotations {5.0.4.Final}
2019-03-20 09:52:08.153 [6428] [main] INFO [org.hibernate.dialect.Dialect.<init>:157] - HHH000400: Using dialect: org.hibernate.dialect.MySQL5Dialect
2019-03-20 09:52:08.880 [6428] [main] INFO [org.springframework.orm.jpa.AbstractEntityManagerFactoryBean.buildNativeEntityManagerFactory:415] - Initialized JPA EntityManagerFactory for persistence unit 'default'
2019-03-20 09:52:08.882 [6428] [main] INFO [org.springframework.context.support.PostProcessorRegistrationDelegate$BeanPostProcessorChecker.postProcessAfterInitialization:330] - Bean 'entityManagerFactory' of type [org.springframework.orm.jpa.LocalContainerEntityManagerFactoryBean] is not eligible for getting processed by all BeanPostProcessors (for example: not eligible for auto-proxying)
2019-03-20 09:52:08.884 [6428] [main] INFO [org.springframework.context.support.PostProcessorRegistrationDelegate$BeanPostProcessorChecker.postProcessAfterInitialization:330] - Bean 'entityManagerFactory' of type [com.sun.proxy.$Proxy104] is not eligible for getting processed by all BeanPostProcessors (for example: not eligible for auto-proxying)
2019-03-20 09:52:08.885 [6428] [main] INFO [org.springframework.context.support.PostProcessorRegistrationDelegate$BeanPostProcessorChecker.postProcessAfterInitialization:330] - Bean 'transactionManager' of type [org.springframework.orm.jpa.JpaTransactionManager] is not eligible for getting processed by all BeanPostProcessors (for example: not eligible for auto-proxying)
2019-03-20 09:52:08.886 [6428] [main] INFO [org.springframework.context.support.PostProcessorRegistrationDelegate$BeanPostProcessorChecker.postProcessAfterInitialization:330] - Bean 'transactionAdvice' of type [com.jay.vito.storage.core.config.TransactionAdvice] is not eligible for getting processed by all BeanPostProcessors (for example: not eligible for auto-proxying)
2019-03-20 09:52:08.890 [6428] [main] INFO [org.springframework.context.support.PostProcessorRegistrationDelegate$BeanPostProcessorChecker.postProcessAfterInitialization:330] - Bean 'txAdviceAdvisor' of type [org.springframework.aop.support.DefaultPointcutAdvisor] is not eligible for getting processed by all BeanPostProcessors (for example: not eligible for auto-proxying)
2019-03-20 09:52:08.898 [6428] [main] INFO [org.springframework.context.support.PostProcessorRegistrationDelegate$BeanPostProcessorChecker.postProcessAfterInitialization:330] - Bean 'org.springframework.transaction.annotation.ProxyTransactionManagementConfiguration' of type [org.springframework.transaction.annotation.ProxyTransactionManagementConfiguration$$EnhancerBySpringCGLIB$$99622fed] is not eligible for getting processed by all BeanPostProcessors (for example: not eligible for auto-proxying)
2019-03-20 09:52:09.528 [6428] [main] INFO [org.springframework.boot.web.embedded.tomcat.TomcatWebServer.initialize:90] - Tomcat initialized with port(s): 9090 (http)
2019-03-20 09:52:09.553 [6428] [main] INFO [org.apache.juli.logging.DirectJDKLog.log:173] - Initializing ProtocolHandler ["http-nio-9090"]
2019-03-20 09:52:09.569 [6428] [main] INFO [org.apache.juli.logging.DirectJDKLog.log:173] - Starting service [Tomcat]
2019-03-20 09:52:09.570 [6428] [main] INFO [org.apache.juli.logging.DirectJDKLog.log:173] - Starting Servlet Engine: Apache Tomcat/9.0.13
2019-03-20 09:52:09.578 [6428] [main] INFO [org.apache.juli.logging.DirectJDKLog.log:173] - The APR based Apache Tomcat Native library which allows optimal performance in production environments was not found on the java.library.path: [C:\Program Files\Java\jdk1.8.0_171\bin;C:\Windows\Sun\Java\bin;C:\Windows\system32;C:\Windows;C:\Windows\System32;C:\Program Files (x86)\Common Files\Oracle\Java\javapath;C:\Program Files (x86)\IntelSWTools\Intel(R)_Media_SDK_2017.0.1\bin\x64;C:\Program Files (x86)\IntelSWTools\Intel(R)_Media_SDK_2017.0.1\bin\win32;C:\Program Files (x86)\Intel\iCLS Client\;C:\Program Files\Intel\iCLS Client\;C:\Windows\system32;C:\Windows;C:\Windows\System32\Wbem;C:\Windows\System32\WindowsPowerShell\v1.0\;C:\Program Files (x86)\Intel\UCRT\;C:\Program Files\Intel\UCRT\;C:\Program Files (x86)\Intel\Intel(R) Management Engine Components\DAL;C:\Program Files\Intel\Intel(R) Management Engine Components\DAL;C:\Program Files (x86)\Intel\Intel(R) Management Engine Components\IPT;C:\Program Files\Intel\Intel(R) Management Engine Components\IPT;C:\Program Files\dotnet\;C:\Program Files\TortoiseSVN\bin;C:\Program Files\CMake\bin;E:\java\maven\apache-maven-3.0.5/bin;C:\Program Files\Java\jdk1.8.0_171/bin;E:\java\mysql\mysql-5.7.24-winx64\bin;D:\Java\nodejs\nodejs\;E:\tools\git\Git\cmd;.]
2019-03-20 09:52:09.714 [6428] [main] INFO [org.apache.juli.logging.DirectJDKLog.log:173] - Initializing Spring embedded WebApplicationContext
2019-03-20 09:52:09.714 [6428] [main] INFO [org.springframework.boot.web.servlet.context.ServletWebServerApplicationContext.prepareWebApplicationContext:296] - Root WebApplicationContext: initialization completed in 4572 ms
2019-03-20 09:52:09.764 [6428] [main] INFO [com.jay.vito.website.web.listener.SystemInitListener.contextInitialized:26] - 系统自定义初始化开始...
2019-03-20 09:52:09.765 [6428] [main] INFO [com.jay.vito.website.web.listener.SystemInitListener.contextInitialized:29] - 系统自定义初始化[OK]
2019-03-20 09:52:09.767 [6428] [main] INFO [com.jay.vito.website.core.cache.SystemDataHolder.init:59] - 系统数据持有类初始化...
2019-03-20 09:52:09.768 [6428] [main] INFO [com.jay.vito.website.core.cache.SystemDataHolder.getSystemConfProps:93] - systemConf.properties系统配置读取开始...
2019-03-20 09:52:09.768 [6428] [main] INFO [com.jay.vito.website.core.cache.SystemDataHolder.getSystemConfProps:114] - systemConf.properties系统配置读取[OK]
2019-03-20 09:52:09.768 [6428] [main] INFO [com.jay.vito.website.core.cache.SystemDataHolder.init:63] - 系统数据持有类初始化[OK]
2019-03-20 09:52:11.578 [6428] [main] INFO [org.springframework.scheduling.concurrent.ExecutorConfigurationSupport.initialize:171] - Initializing ExecutorService 'applicationTaskExecutor'
2019-03-20 09:52:11.620 [6428] [main] WARN [org.springframework.boot.autoconfigure.orm.jpa.JpaBaseConfiguration$JpaWebConfiguration$JpaWebMvcConfiguration.openEntityManagerInViewInterceptor:234] - spring.jpa.open-in-view is enabled by default. Therefore, database queries may be performed during view rendering. Explicitly configure spring.jpa.open-in-view to disable this warning
2019-03-20 09:52:11.907 [6428] [main] INFO [org.apache.juli.logging.DirectJDKLog.log:173] - Starting ProtocolHandler ["http-nio-9090"]
2019-03-20 09:52:11.917 [6428] [main] INFO [org.apache.juli.logging.DirectJDKLog.log:173] - Using a shared selector for servlet write/read
2019-03-20 09:52:11.957 [6428] [main] INFO [org.springframework.boot.web.embedded.tomcat.TomcatWebServer.start:204] - Tomcat started on port(s): 9090 (http) with context path ''
2019-03-20 09:52:11.959 [6428] [main] INFO [org.springframework.boot.StartupInfoLogger.logStarted:59] - Started LostAndFoundApplication in 7.667 seconds (JVM running for 10.641)
2019-03-20 09:52:38.309 [5344] [main] INFO [org.springframework.boot.StartupInfoLogger.logStarting:50] - Starting LostAndFoundApplication on BZ01-PC with PID 5344 (E:\java\project\lost_and_found\target\classes started by Administrator in E:\java\project\lost_and_found)
2019-03-20 09:52:38.314 [5344] [main] DEBUG [org.springframework.boot.StartupInfoLogger.logStarting:53] - Running with Spring Boot v2.1.1.RELEASE, Spring v5.1.3.RELEASE
2019-03-20 09:52:38.315 [5344] [main] INFO [org.springframework.boot.SpringApplication.logStartupProfileInfo:675] - No active profile set, falling back to default profiles: default
2019-03-20 09:52:38.837 [5344] [main] INFO [org.springframework.data.repository.config.RepositoryConfigurationDelegate.registerRepositoriesIn:126] - Bootstrapping Spring Data repositories in DEFAULT mode.
2019-03-20 09:52:38.920 [5344] [main] INFO [org.springframework.data.repository.config.RepositoryConfigurationDelegate.registerRepositoriesIn:182] - Finished Spring Data repository scanning in 78ms. Found 6 repository interfaces.
2019-03-20 09:52:39.035 [5344] [main] WARN [org.mybatis.spring.mapper.ClassPathMapperScanner.doScan:166] - No MyBatis mapper was found in '[com.lyn.lost_and_found]' package. Please check your configuration.
2019-03-20 09:52:39.353 [5344] [main] INFO [org.springframework.context.support.PostProcessorRegistrationDelegate$BeanPostProcessorChecker.postProcessAfterInitialization:330] - Bean 'org.springframework.boot.autoconfigure.jdbc.DataSourceConfiguration$Hikari' of type [org.springframework.boot.autoconfigure.jdbc.DataSourceConfiguration$Hikari] is not eligible for getting processed by all BeanPostProcessors (for example: not eligible for auto-proxying)
2019-03-20 09:52:39.419 [5344] [main] INFO [org.springframework.context.support.PostProcessorRegistrationDelegate$BeanPostProcessorChecker.postProcessAfterInitialization:330] - Bean 'spring.datasource-org.springframework.boot.autoconfigure.jdbc.DataSourceProperties' of type [org.springframework.boot.autoconfigure.jdbc.DataSourceProperties] is not eligible for getting processed by all BeanPostProcessors (for example: not eligible for auto-proxying)
2019-03-20 09:52:39.439 [5344] [main] INFO [org.springframework.context.support.PostProcessorRegistrationDelegate$BeanPostProcessorChecker.postProcessAfterInitialization:330] - Bean 'dataSource' of type [com.zaxxer.hikari.HikariDataSource] is not eligible for getting processed by all BeanPostProcessors (for example: not eligible for auto-proxying)
2019-03-20 09:52:39.446 [5344] [main] INFO [org.springframework.context.support.PostProcessorRegistrationDelegate$BeanPostProcessorChecker.postProcessAfterInitialization:330] - Bean 'org.springframework.boot.autoconfigure.jdbc.DataSourceInitializerInvoker' of type [org.springframework.boot.autoconfigure.jdbc.DataSourceInitializerInvoker] is not eligible for getting processed by all BeanPostProcessors (for example: not eligible for auto-proxying)
2019-03-20 09:52:39.451 [5344] [main] INFO [org.springframework.context.support.PostProcessorRegistrationDelegate$BeanPostProcessorChecker.postProcessAfterInitialization:330] - Bean 'spring.jpa-org.springframework.boot.autoconfigure.orm.jpa.JpaProperties' of type [org.springframework.boot.autoconfigure.orm.jpa.JpaProperties] is not eligible for getting processed by all BeanPostProcessors (for example: not eligible for auto-proxying)
2019-03-20 09:52:39.455 [5344] [main] INFO [org.springframework.context.support.PostProcessorRegistrationDelegate$BeanPostProcessorChecker.postProcessAfterInitialization:330] - Bean 'spring.jpa.hibernate-org.springframework.boot.autoconfigure.orm.jpa.HibernateProperties' of type [org.springframework.boot.autoconfigure.orm.jpa.HibernateProperties] is not eligible for getting processed by all BeanPostProcessors (for example: not eligible for auto-proxying)
2019-03-20 09:52:39.458 [5344] [main] INFO [org.springframework.context.support.PostProcessorRegistrationDelegate$BeanPostProcessorChecker.postProcessAfterInitialization:330] - Bean 'org.springframework.boot.autoconfigure.transaction.TransactionAutoConfiguration' of type [org.springframework.boot.autoconfigure.transaction.TransactionAutoConfiguration$$EnhancerBySpringCGLIB$$8f4d6802] is not eligible for getting processed by all BeanPostProcessors (for example: not eligible for auto-proxying)
2019-03-20 09:52:39.470 [5344] [main] INFO [org.springframework.context.support.PostProcessorRegistrationDelegate$BeanPostProcessorChecker.postProcessAfterInitialization:330] - Bean 'spring.transaction-org.springframework.boot.autoconfigure.transaction.TransactionProperties' of type [org.springframework.boot.autoconfigure.transaction.TransactionProperties] is not eligible for getting processed by all BeanPostProcessors (for example: not eligible for auto-proxying)
2019-03-20 09:52:39.472 [5344] [main] INFO [org.springframework.context.support.PostProcessorRegistrationDelegate$BeanPostProcessorChecker.postProcessAfterInitialization:330] - Bean 'platformTransactionManagerCustomizers' of type [org.springframework.boot.autoconfigure.transaction.TransactionManagerCustomizers] is not eligible for getting processed by all BeanPostProcessors (for example: not eligible for auto-proxying)
2019-03-20 09:52:39.475 [5344] [main] INFO [org.springframework.context.support.PostProcessorRegistrationDelegate$BeanPostProcessorChecker.postProcessAfterInitialization:330] - Bean 'org.springframework.boot.autoconfigure.jdbc.metadata.DataSourcePoolMetadataProvidersConfiguration$HikariPoolDataSourceMetadataProviderConfiguration' of type [org.springframework.boot.autoconfigure.jdbc.metadata.DataSourcePoolMetadataProvidersConfiguration$HikariPoolDataSourceMetadataProviderConfiguration$$EnhancerBySpringCGLIB$$5b3094dc] is not eligible for getting processed by all BeanPostProcessors (for example: not eligible for auto-proxying)
2019-03-20 09:52:39.478 [5344] [main] INFO [org.springframework.context.support.PostProcessorRegistrationDelegate$BeanPostProcessorChecker.postProcessAfterInitialization:330] - Bean 'hikariPoolDataSourceMetadataProvider' of type [org.springframework.boot.autoconfigure.jdbc.metadata.DataSourcePoolMetadataProvidersConfiguration$HikariPoolDataSourceMetadataProviderConfiguration$$Lambda$314/1898629094] is not eligible for getting processed by all BeanPostProcessors (for example: not eligible for auto-proxying)
2019-03-20 09:52:39.488 [5344] [main] INFO [org.springframework.context.support.PostProcessorRegistrationDelegate$BeanPostProcessorChecker.postProcessAfterInitialization:330] - Bean 'org.springframework.boot.autoconfigure.orm.jpa.HibernateJpaConfiguration' of type [org.springframework.boot.autoconfigure.orm.jpa.HibernateJpaConfiguration$$EnhancerBySpringCGLIB$$19b02f67] is not eligible for getting processed by all BeanPostProcessors (for example: not eligible for auto-proxying)
2019-03-20 09:52:39.523 [5344] [main] INFO [com.zaxxer.hikari.HikariDataSource.getConnection:110] - HikariPool-1 - Starting...
2019-03-20 09:52:39.525 [5344] [main] WARN [com.zaxxer.hikari.util.DriverDataSource.<init>:68] - Registered driver with driverClassName=com.mysql.jdbc.Driver was not found, trying direct instantiation.
2019-03-20 09:52:39.715 [5344] [main] INFO [com.zaxxer.hikari.HikariDataSource.getConnection:123] - HikariPool-1 - Start completed.
2019-03-20 09:52:39.723 [5344] [main] INFO [org.springframework.context.support.PostProcessorRegistrationDelegate$BeanPostProcessorChecker.postProcessAfterInitialization:330] - Bean 'jpaVendorAdapter' of type [org.springframework.orm.jpa.vendor.HibernateJpaVendorAdapter] is not eligible for getting processed by all BeanPostProcessors (for example: not eligible for auto-proxying)
2019-03-20 09:52:39.727 [5344] [main] INFO [org.springframework.context.support.PostProcessorRegistrationDelegate$BeanPostProcessorChecker.postProcessAfterInitialization:330] - Bean 'entityManagerFactoryBuilder' of type [org.springframework.boot.orm.jpa.EntityManagerFactoryBuilder] is not eligible for getting processed by all BeanPostProcessors (for example: not eligible for auto-proxying)
2019-03-20 09:52:39.759 [5344] [main] INFO [org.hibernate.jpa.internal.util.LogHelper.logPersistenceUnitInformation:31] - HHH000204: Processing PersistenceUnitInfo [
	name: default
	...]
2019-03-20 09:52:39.813 [5344] [main] INFO [org.hibernate.Version.logVersion:46] - HHH000412: Hibernate Core {5.3.7.Final}
2019-03-20 09:52:39.815 [5344] [main] INFO [org.hibernate.cfg.Environment.<clinit>:213] - HHH000206: hibernate.properties not found
2019-03-20 09:52:39.945 [5344] [main] INFO [org.hibernate.annotations.common.reflection.java.JavaReflectionManager.<clinit>:49] - HCANN000001: Hibernate Commons Annotations {5.0.4.Final}
2019-03-20 09:52:40.064 [5344] [main] INFO [org.hibernate.dialect.Dialect.<init>:157] - HHH000400: Using dialect: org.hibernate.dialect.MySQL5Dialect
2019-03-20 09:52:40.688 [5344] [main] INFO [org.springframework.orm.jpa.AbstractEntityManagerFactoryBean.buildNativeEntityManagerFactory:415] - Initialized JPA EntityManagerFactory for persistence unit 'default'
2019-03-20 09:52:40.691 [5344] [main] INFO [org.springframework.context.support.PostProcessorRegistrationDelegate$BeanPostProcessorChecker.postProcessAfterInitialization:330] - Bean 'entityManagerFactory' of type [org.springframework.orm.jpa.LocalContainerEntityManagerFactoryBean] is not eligible for getting processed by all BeanPostProcessors (for example: not eligible for auto-proxying)
2019-03-20 09:52:40.692 [5344] [main] INFO [org.springframework.context.support.PostProcessorRegistrationDelegate$BeanPostProcessorChecker.postProcessAfterInitialization:330] - Bean 'entityManagerFactory' of type [com.sun.proxy.$Proxy104] is not eligible for getting processed by all BeanPostProcessors (for example: not eligible for auto-proxying)
2019-03-20 09:52:40.694 [5344] [main] INFO [org.springframework.context.support.PostProcessorRegistrationDelegate$BeanPostProcessorChecker.postProcessAfterInitialization:330] - Bean 'transactionManager' of type [org.springframework.orm.jpa.JpaTransactionManager] is not eligible for getting processed by all BeanPostProcessors (for example: not eligible for auto-proxying)
2019-03-20 09:52:40.695 [5344] [main] INFO [org.springframework.context.support.PostProcessorRegistrationDelegate$BeanPostProcessorChecker.postProcessAfterInitialization:330] - Bean 'transactionAdvice' of type [com.jay.vito.storage.core.config.TransactionAdvice] is not eligible for getting processed by all BeanPostProcessors (for example: not eligible for auto-proxying)
2019-03-20 09:52:40.699 [5344] [main] INFO [org.springframework.context.support.PostProcessorRegistrationDelegate$BeanPostProcessorChecker.postProcessAfterInitialization:330] - Bean 'txAdviceAdvisor' of type [org.springframework.aop.support.DefaultPointcutAdvisor] is not eligible for getting processed by all BeanPostProcessors (for example: not eligible for auto-proxying)
2019-03-20 09:52:40.707 [5344] [main] INFO [org.springframework.context.support.PostProcessorRegistrationDelegate$BeanPostProcessorChecker.postProcessAfterInitialization:330] - Bean 'org.springframework.transaction.annotation.ProxyTransactionManagementConfiguration' of type [org.springframework.transaction.annotation.ProxyTransactionManagementConfiguration$$EnhancerBySpringCGLIB$$fad96cf8] is not eligible for getting processed by all BeanPostProcessors (for example: not eligible for auto-proxying)
2019-03-20 09:52:41.013 [5344] [main] INFO [org.springframework.boot.web.embedded.tomcat.TomcatWebServer.initialize:90] - Tomcat initialized with port(s): 9090 (http)
2019-03-20 09:52:41.028 [5344] [main] INFO [org.apache.juli.logging.DirectJDKLog.log:173] - Initializing ProtocolHandler ["http-nio-9090"]
2019-03-20 09:52:41.039 [5344] [main] INFO [org.apache.juli.logging.DirectJDKLog.log:173] - Starting service [Tomcat]
2019-03-20 09:52:41.039 [5344] [main] INFO [org.apache.juli.logging.DirectJDKLog.log:173] - Starting Servlet Engine: Apache Tomcat/9.0.13
2019-03-20 09:52:41.046 [5344] [main] INFO [org.apache.juli.logging.DirectJDKLog.log:173] - The APR based Apache Tomcat Native library which allows optimal performance in production environments was not found on the java.library.path: [C:\Program Files\Java\jdk1.8.0_171\bin;C:\Windows\Sun\Java\bin;C:\Windows\system32;C:\Windows;C:\Windows\System32;C:\Program Files (x86)\Common Files\Oracle\Java\javapath;C:\Program Files (x86)\IntelSWTools\Intel(R)_Media_SDK_2017.0.1\bin\x64;C:\Program Files (x86)\IntelSWTools\Intel(R)_Media_SDK_2017.0.1\bin\win32;C:\Program Files (x86)\Intel\iCLS Client\;C:\Program Files\Intel\iCLS Client\;C:\Windows\system32;C:\Windows;C:\Windows\System32\Wbem;C:\Windows\System32\WindowsPowerShell\v1.0\;C:\Program Files (x86)\Intel\UCRT\;C:\Program Files\Intel\UCRT\;C:\Program Files (x86)\Intel\Intel(R) Management Engine Components\DAL;C:\Program Files\Intel\Intel(R) Management Engine Components\DAL;C:\Program Files (x86)\Intel\Intel(R) Management Engine Components\IPT;C:\Program Files\Intel\Intel(R) Management Engine Components\IPT;C:\Program Files\dotnet\;C:\Program Files\TortoiseSVN\bin;C:\Program Files\CMake\bin;E:\java\maven\apache-maven-3.0.5/bin;C:\Program Files\Java\jdk1.8.0_171/bin;E:\java\mysql\mysql-5.7.24-winx64\bin;D:\Java\nodejs\nodejs\;E:\tools\git\Git\cmd;.]
2019-03-20 09:52:41.178 [5344] [main] INFO [org.apache.juli.logging.DirectJDKLog.log:173] - Initializing Spring embedded WebApplicationContext
2019-03-20 09:52:41.178 [5344] [main] INFO [org.springframework.boot.web.servlet.context.ServletWebServerApplicationContext.prepareWebApplicationContext:296] - Root WebApplicationContext: initialization completed in 2817 ms
2019-03-20 09:52:41.225 [5344] [main] INFO [com.jay.vito.website.web.listener.SystemInitListener.contextInitialized:26] - 系统自定义初始化开始...
2019-03-20 09:52:41.226 [5344] [main] INFO [com.jay.vito.website.web.listener.SystemInitListener.contextInitialized:29] - 系统自定义初始化[OK]
2019-03-20 09:52:41.228 [5344] [main] INFO [com.jay.vito.website.core.cache.SystemDataHolder.init:59] - 系统数据持有类初始化...
2019-03-20 09:52:41.228 [5344] [main] INFO [com.jay.vito.website.core.cache.SystemDataHolder.getSystemConfProps:93] - systemConf.properties系统配置读取开始...
2019-03-20 09:52:41.228 [5344] [main] INFO [com.jay.vito.website.core.cache.SystemDataHolder.getSystemConfProps:114] - systemConf.properties系统配置读取[OK]
2019-03-20 09:52:41.229 [5344] [main] INFO [com.jay.vito.website.core.cache.SystemDataHolder.init:63] - 系统数据持有类初始化[OK]
2019-03-20 09:52:42.610 [5344] [main] INFO [org.springframework.scheduling.concurrent.ExecutorConfigurationSupport.initialize:171] - Initializing ExecutorService 'applicationTaskExecutor'
2019-03-20 09:52:42.653 [5344] [main] WARN [org.springframework.boot.autoconfigure.orm.jpa.JpaBaseConfiguration$JpaWebConfiguration$JpaWebMvcConfiguration.openEntityManagerInViewInterceptor:234] - spring.jpa.open-in-view is enabled by default. Therefore, database queries may be performed during view rendering. Explicitly configure spring.jpa.open-in-view to disable this warning
2019-03-20 09:52:42.903 [5344] [main] INFO [org.apache.juli.logging.DirectJDKLog.log:173] - Starting ProtocolHandler ["http-nio-9090"]
2019-03-20 09:52:42.913 [5344] [main] INFO [org.apache.juli.logging.DirectJDKLog.log:173] - Using a shared selector for servlet write/read
2019-03-20 09:52:42.926 [5344] [main] INFO [org.springframework.boot.web.embedded.tomcat.TomcatWebServer.start:204] - Tomcat started on port(s): 9090 (http) with context path ''
2019-03-20 09:52:42.928 [5344] [main] INFO [org.springframework.boot.StartupInfoLogger.logStarted:59] - Started LostAndFoundApplication in 5.212 seconds (JVM running for 6.219)
